\BOOKMARK [0][]{Title.0}{\376\377\000T\000i\000t\000l\000e\000p\000a\000g\000e}{}% 1
\BOOKMARK [0][]{acknowledgments.0}{\376\377\000A\000c\000k\000n\000o\000w\000l\000e\000d\000g\000m\000e\000n\000t\000s}{}% 2
\BOOKMARK [0][]{Abstract.0}{\376\377\000A\000b\000s\000t\000r\000a\000c\000t}{}% 3
\BOOKMARK [0][]{Abstract.0}{\376\377\000A\000b\000s\000t\000r\000a\000c\000t}{}% 4
\BOOKMARK [0][]{Resumo.0}{\376\377\000R\000e\000s\000u\000m\000o}{}% 5
\BOOKMARK [0][]{Resumo.0}{\376\377\000R\000e\000s\000u\000m\000o}{}% 6
\BOOKMARK [0][]{toc.0}{\376\377\000C\000o\000n\000t\000e\000n\000t\000s}{}% 7
\BOOKMARK [1][]{lof.1}{\376\377\000L\000i\000s\000t\000\040\000o\000f\000\040\000F\000i\000g\000u\000r\000e\000s}{toc.0}% 8
\BOOKMARK [1][]{lot.1}{\376\377\000L\000i\000s\000t\000\040\000o\000f\000\040\000T\000a\000b\000l\000e\000s}{toc.0}% 9
\BOOKMARK [1][]{loac.1}{\376\377\000A\000c\000r\000o\000n\000y\000m\000s}{toc.0}% 10
\BOOKMARK [0][]{chapter.1}{\376\377\0001\000\040\000I\000n\000t\000r\000o\000d\000u\000c\000t\000i\000o\000n}{}% 11
\BOOKMARK [1][]{section.1.1}{\376\377\0001\000.\0001\000\040\000M\000o\000t\000i\000v\000a\000t\000i\000o\000n}{chapter.1}% 12
\BOOKMARK [1][]{section.1.2}{\376\377\0001\000.\0002\000\040\000O\000b\000j\000e\000c\000t\000i\000v\000e\000s}{chapter.1}% 13
\BOOKMARK [1][]{section.1.3}{\376\377\0001\000.\0003\000\040\000T\000h\000e\000s\000i\000s\000\040\000O\000u\000t\000l\000i\000n\000e}{chapter.1}% 14
\BOOKMARK [0][]{chapter.2}{\376\377\0002\000\040\000T\000h\000e\000o\000r\000e\000t\000i\000c\000a\000l\000\040\000B\000a\000c\000k\000g\000r\000o\000u\000n\000d}{}% 15
\BOOKMARK [1][]{section.2.1}{\376\377\0002\000.\0001\000\040\000C\000o\000n\000v\000o\000l\000u\000t\000i\000o\000n\000a\000l\000\040\000N\000e\000u\000r\000a\000l\000\040\000N\000e\000t\000w\000o\000r\000k\000s}{chapter.2}% 16
\BOOKMARK [2][]{subsection.2.1.1}{\376\377\0002\000.\0001\000.\0001\000\040\000C\000N\000N\000\040\000b\000u\000i\000l\000d\000i\000n\000g\000\040\000b\000l\000o\000c\000k\000s}{section.2.1}% 17
\BOOKMARK [2][]{subsection.2.1.2}{\376\377\0002\000.\0001\000.\0002\000\040\000C\000N\000N\000\040\000a\000r\000c\000h\000i\000t\000e\000c\000t\000u\000r\000e\000\040\000f\000o\000r\000\040\000S\000e\000g\000m\000e\000n\000t\000a\000t\000i\000o\000n}{section.2.1}% 18
\BOOKMARK [2][]{subsection.2.1.3}{\376\377\0002\000.\0001\000.\0003\000\040\000C\000N\000N\000\040\000T\000r\000a\000i\000n\000i\000n\000g}{section.2.1}% 19
\BOOKMARK [2][]{subsection.2.1.4}{\376\377\0002\000.\0001\000.\0004\000\040\000U\000-\000N\000e\000t}{section.2.1}% 20
\BOOKMARK [2][]{subsection.2.1.5}{\376\377\0002\000.\0001\000.\0005\000\040\0003\000D\000\040\000U\000-\000N\000e\000t}{section.2.1}% 21
\BOOKMARK [1][]{section.2.2}{\376\377\0002\000.\0002\000\040\000G\000e\000n\000e\000r\000a\000t\000i\000v\000e\000\040\000A\000d\000v\000e\000r\000s\000a\000r\000i\000a\000l\000\040\000N\000e\000t\000w\000o\000r\000k\000s}{chapter.2}% 22
\BOOKMARK [2][]{subsection.2.2.1}{\376\377\0002\000.\0002\000.\0001\000\040\000T\000r\000a\000i\000n\000i\000n\000g\000\040\000G\000A\000N\000s}{section.2.2}% 23
\BOOKMARK [2][]{subsection.2.2.2}{\376\377\0002\000.\0002\000.\0002\000\040\000S\000u\000p\000e\000r\000v\000i\000s\000e\000d\000\040\000G\000A\000N\000\040\000e\000x\000a\000m\000p\000l\000e\000:\000\040\000P\000i\000x\0002\000P\000i\000x}{section.2.2}% 24
\BOOKMARK [2][]{subsection.2.2.3}{\376\377\0002\000.\0002\000.\0003\000\040\000U\000n\000s\000u\000p\000e\000r\000v\000i\000s\000e\000d\000\040\000G\000A\000N\000\040\000e\000x\000a\000m\000p\000l\000e\000:\000\040\000C\000y\000c\000l\000e\000G\000A\000N}{section.2.2}% 25
\BOOKMARK [1][]{section.2.3}{\376\377\0002\000.\0003\000\040\000M\000e\000t\000r\000i\000c\000s\000\040\000t\000o\000\040\000e\000v\000a\000l\000u\000a\000t\000e\000\040\000s\000e\000m\000a\000n\000t\000i\000c\000\040\000s\000e\000g\000m\000e\000n\000t\000a\000t\000i\000o\000n\000\040\000m\000o\000d\000e\000l\000s}{chapter.2}% 26
\BOOKMARK [0][]{chapter.3}{\376\377\0003\000\040\000S\000t\000a\000t\000e\000-\000o\000f\000-\000t\000h\000e\000-\000A\000r\000t\000\040\000o\000n\000\040\000M\000i\000c\000r\000o\000s\000c\000o\000p\000y\000\040\000I\000m\000a\000g\000e\000\040\000S\000e\000g\000m\000e\000n\000t\000a\000t\000i\000o\000n}{}% 27
\BOOKMARK [1][]{section.3.1}{\376\377\0003\000.\0001\000\040\000M\000i\000c\000r\000o\000s\000c\000o\000p\000i\000c\000\040\000i\000m\000a\000g\000e\000\040\000s\000e\000g\000m\000e\000n\000t\000a\000t\000i\000o\000n\000\040\000c\000h\000a\000l\000l\000e\000n\000g\000e\000s}{chapter.3}% 28
\BOOKMARK [1][]{section.3.2}{\376\377\0003\000.\0002\000\040\000C\000l\000a\000s\000s\000i\000c\000a\000l\000\040\000a\000p\000p\000r\000o\000a\000c\000h\000e\000s}{chapter.3}% 29
\BOOKMARK [1][]{section.3.3}{\376\377\0003\000.\0003\000\040\000C\000o\000n\000v\000o\000l\000u\000t\000i\000o\000n\000a\000l\000\040\000N\000e\000u\000r\000a\000l\000\040\000N\000e\000t\000w\000o\000r\000k\000s}{chapter.3}% 30
\BOOKMARK [2][]{subsection.3.3.1}{\376\377\0003\000.\0003\000.\0001\000\040\000S\000u\000p\000e\000r\000v\000i\000s\000e\000d\000\040\000m\000o\000d\000e\000l\000s}{section.3.3}% 31
\BOOKMARK [2][]{subsection.3.3.2}{\376\377\0003\000.\0003\000.\0002\000\040\000W\000e\000a\000k\000l\000y\000\040\000S\000u\000p\000e\000r\000v\000i\000s\000e\000d\000\040\000/\000\040\000U\000n\000s\000u\000p\000e\000r\000v\000i\000s\000e\000d\000\040\000m\000o\000d\000e\000l\000s}{section.3.3}% 32
\BOOKMARK [1][]{section.3.4}{\376\377\0003\000.\0004\000\040\000G\000e\000n\000e\000r\000a\000t\000i\000v\000e\000\040\000A\000d\000v\000e\000r\000s\000a\000r\000i\000a\000l\000\040\000N\000e\000t\000w\000o\000r\000k\000s}{chapter.3}% 33
\BOOKMARK [2][]{subsection.3.4.1}{\376\377\0003\000.\0004\000.\0001\000\040\000S\000u\000p\000e\000r\000v\000i\000s\000e\000d\000\040\000m\000o\000d\000e\000l\000s}{section.3.4}% 34
\BOOKMARK [2][]{subsection.3.4.2}{\376\377\0003\000.\0004\000.\0002\000\040\000W\000e\000a\000k\000l\000y\000\040\000S\000u\000p\000e\000r\000v\000i\000s\000e\000d\000\040\000/\000\040\000U\000n\000s\000u\000p\000e\000r\000v\000i\000s\000e\000d\000\040\000m\000o\000d\000e\000l\000s}{section.3.4}% 35
\BOOKMARK [0][]{chapter.4}{\376\377\0004\000\040\000M\000e\000t\000h\000o\000d\000o\000l\000o\000g\000y}{}% 36
\BOOKMARK [1][]{section.4.1}{\376\377\0004\000.\0001\000\040\000D\000a\000t\000a\000s\000e\000t}{chapter.4}% 37
\BOOKMARK [2][]{subsection.4.1.1}{\376\377\0004\000.\0001\000.\0001\000\040\000S\000y\000n\000t\000h\000e\000t\000i\000c\000\040\000s\000e\000g\000m\000e\000n\000t\000a\000t\000i\000o\000n\000\040\000m\000a\000s\000k\000s}{section.4.1}% 38
\BOOKMARK [1][]{section.4.2}{\376\377\0004\000.\0002\000\040\000P\000r\000o\000p\000o\000s\000e\000d\000\040\000A\000p\000p\000r\000o\000a\000c\000h}{chapter.4}% 39
\BOOKMARK [1][]{section.4.3}{\376\377\0004\000.\0003\000\040\000C\000o\000m\000p\000a\000r\000i\000s\000o\000n\000\040\000b\000e\000t\000w\000e\000e\000n\000\040\000d\000i\000f\000f\000e\000r\000e\000n\000t\000\040\000a\000p\000p\000r\000o\000a\000c\000h\000e\000s}{chapter.4}% 40
\BOOKMARK [2][]{subsection.4.3.1}{\376\377\0004\000.\0003\000.\0001\000\040\0003\000D\000\040\000U\000-\000N\000e\000t}{section.4.3}% 41
\BOOKMARK [2][]{subsection.4.3.2}{\376\377\0004\000.\0003\000.\0002\000\040\000V\000o\000x\0002\000V\000o\000x}{section.4.3}% 42
\BOOKMARK [1][]{section.4.4}{\376\377\0004\000.\0004\000\040\000M\000o\000d\000e\000l\000s\000\040\000I\000n\000f\000e\000r\000e\000n\000c\000e}{chapter.4}% 43
\BOOKMARK [1][]{section.4.5}{\376\377\0004\000.\0005\000\040\000S\000e\000g\000m\000e\000n\000t\000a\000t\000i\000o\000n\000\040\000p\000e\000r\000f\000o\000r\000m\000a\000n\000c\000e\000\040\000m\000e\000t\000r\000i\000c\000s}{chapter.4}% 44
\BOOKMARK [1][]{section.4.6}{\376\377\0004\000.\0006\000\040\000E\000x\000e\000c\000u\000t\000i\000o\000n\000\040\000t\000i\000m\000e}{chapter.4}% 45
\BOOKMARK [0][]{chapter.5}{\376\377\0005\000\040\000E\000x\000p\000e\000r\000i\000m\000e\000n\000t\000a\000l\000\040\000R\000e\000s\000u\000l\000t\000s\000\040\000a\000n\000d\000\040\000D\000i\000s\000c\000u\000s\000s\000i\000o\000n}{}% 46
\BOOKMARK [1][]{section.5.1}{\376\377\0005\000.\0001\000\040\000C\000o\000m\000p\000u\000t\000a\000t\000i\000o\000n\000a\000l\000\040\000E\000n\000v\000i\000r\000o\000n\000m\000e\000n\000t}{chapter.5}% 47
\BOOKMARK [1][]{section.5.2}{\376\377\0005\000.\0002\000\040\000D\000a\000t\000a\000\040\000P\000r\000e\000-\000P\000r\000o\000c\000e\000s\000s\000i\000n\000g}{chapter.5}% 48
\BOOKMARK [1][]{section.5.3}{\376\377\0005\000.\0003\000\040\000I\000m\000p\000l\000e\000m\000e\000n\000t\000a\000t\000i\000o\000n\000\040\000D\000e\000t\000a\000i\000l\000s\000,\000\040\000R\000e\000s\000u\000l\000t\000s\000\040\000a\000n\000d\000\040\000D\000i\000s\000c\000u\000s\000s\000i\000o\000n}{chapter.5}% 49
\BOOKMARK [2][]{subsection.5.3.1}{\376\377\0005\000.\0003\000.\0001\000\040\0003\000D\000\040\000U\000-\000N\000e\000t}{section.5.3}% 50
\BOOKMARK [2][]{subsection.5.3.2}{\376\377\0005\000.\0003\000.\0002\000\040\000V\000o\000x\0002\000V\000o\000x}{section.5.3}% 51
\BOOKMARK [2][]{subsection.5.3.3}{\376\377\0005\000.\0003\000.\0003\000\040\000P\000r\000o\000p\000o\000s\000e\000d\000\040\000A\000p\000p\000r\000o\000a\000c\000h\000\040\000-\000\040\000C\000y\000c\000l\000e\000G\000A\000N}{section.5.3}% 52
\BOOKMARK [2][]{subsection.5.3.4}{\376\377\0005\000.\0003\000.\0004\000\040\000E\000x\000e\000c\000u\000t\000i\000o\000n\000\040\000t\000i\000m\000e}{section.5.3}% 53
\BOOKMARK [2][]{subsection.5.3.5}{\376\377\0005\000.\0003\000.\0005\000\040\000C\000o\000m\000p\000a\000r\000i\000s\000o\000n\000\040\000b\000e\000t\000w\000e\000e\000n\000\040\000a\000p\000p\000r\000o\000a\000c\000h\000e\000s}{section.5.3}% 54
\BOOKMARK [0][]{chapter.6}{\376\377\0006\000\040\000C\000o\000n\000c\000l\000u\000s\000i\000o\000n}{}% 55
\BOOKMARK [1][]{section.6.1}{\376\377\0006\000.\0001\000\040\000C\000o\000n\000c\000l\000u\000s\000i\000o\000n\000s}{chapter.6}% 56
\BOOKMARK [1][]{section.6.2}{\376\377\0006\000.\0002\000\040\000M\000o\000d\000e\000l\000\040\000L\000i\000m\000i\000t\000a\000t\000i\000o\000n\000s\000\040\000a\000n\000d\000\040\000F\000u\000t\000u\000r\000e\000\040\000W\000o\000r\000k}{chapter.6}% 57
\BOOKMARK [0][]{bib.0}{\376\377\000B\000i\000b\000l\000i\000o\000g\000r\000a\000p\000h\000y}{}% 58
\BOOKMARK [0][]{section.6.2}{\376\377\000B\000i\000b\000l\000i\000o\000g\000r\000a\000p\000h\000y}{}% 59
\BOOKMARK [1][]{appendix.1}{\376\377\000A\000p\000p\000e\000n\000d\000i\000x\000\040\000A}{section.6.2}% 60
\BOOKMARK [1][]{appendix.1}{\376\377\000A\000p\000p\000e\000n\000d\000i\000x\000\040\000B}{section.6.2}% 61
